        -:    0:Source:unittest3.c
        -:    0:Graph:unittest3.gcno
        -:    0:Data:unittest3.gcda
        -:    0:Runs:1
        -:    0:Programs:1
        -:    0:Source is newer than graph
        -:    1:#include "dominion.h"
        -:    2:#include "dominion_helpers.h"
        -:    3:#include <string.h>
        -:    4:#include <stdio.h>
        -:    5:#include <assert.h>
        -:    6:#include "rngs.h"
        -:    7:
        -:    8:
function main called 1 returned 100% blocks executed 73%
        1:    9:int main(){
        -:   10:        int r;
        -:   11:        int check;
        1:   12:        printf("handCard unit test ----\n");
call    0 returned 100%
        1:   13:        int k[10] = {adventurer, council_room, feast, gardens, mine,
        -:   14:               remodel, smithy, village, baron, great_hall};
        -:   15:
        -:   16:        struct gameState G;
        -:   17:
        1:   18:         r = initializeGame(4, k, 1, &G);
call    0 returned 100%
        -:   19:
        1:   20:        check = handCard(0,&G);
call    0 returned 100%
        -:   21:
        1:   22:        if(check == copper || check == estate){
branch  0 taken 0% (fallthrough)
branch  1 taken 100%
branch  2 never executed
branch  3 never executed
        1:   23:                printf("PASS\n");
call    0 returned 100%
        1:   24:                return 0;
        -:   25:        }
        -:   26:
        -:   27:        else{
    #####:   28:                printf("FAIL\n");
call    0 never executed
    #####:   29:                return -1;
        -:   30:
        -:   31:        }
        -:   32:
        -:   33:        return 0;
        -:   34:}
